<?xml version="1.0" encoding="UTF-8"?>
<testng-results skipped="0" failed="0" ignored="0" total="4" passed="4">
  <reporter-output>
  </reporter-output>
  <suite name="Default suite" duration-ms="14501" started-at="2020-05-17T01:54:55 IST" finished-at="2020-05-17T01:55:09 IST">
    <groups>
    </groups>
    <test name="Default test" duration-ms="14501" started-at="2020-05-17T01:54:55 IST" finished-at="2020-05-17T01:55:09 IST">
      <class name="CookieBasedAuthetication.Test_JIRA2">
        <test-method status="PASS" signature="setup()[pri:0, instance:CookieBasedAuthetication.Test_JIRA2@11438d26]" name="setup" is-config="true" duration-ms="860" started-at="2020-05-17T01:54:55 IST" finished-at="2020-05-17T01:54:55 IST">
          <reporter-output>
          </reporter-output>
        </test-method> <!-- setup -->
        <test-method status="PASS" signature="createSession()[pri:1, instance:CookieBasedAuthetication.Test_JIRA2@11438d26]" name="createSession" duration-ms="6418" started-at="2020-05-17T01:54:55 IST" finished-at="2020-05-17T01:55:02 IST">
          <reporter-output>
          </reporter-output>
        </test-method> <!-- createSession -->
        <test-method status="PASS" signature="createIssue()[pri:2, instance:CookieBasedAuthetication.Test_JIRA2@11438d26]" name="createIssue" duration-ms="3509" started-at="2020-05-17T01:55:02 IST" finished-at="2020-05-17T01:55:05 IST">
          <reporter-output>
          </reporter-output>
        </test-method> <!-- createIssue -->
        <test-method status="PASS" signature="createAttachment()[pri:3, instance:CookieBasedAuthetication.Test_JIRA2@11438d26]" name="createAttachment" duration-ms="2629" started-at="2020-05-17T01:55:05 IST" finished-at="2020-05-17T01:55:08 IST">
          <reporter-output>
          </reporter-output>
        </test-method> <!-- createAttachment -->
        <test-method status="PASS" signature="addComment()[pri:4, instance:CookieBasedAuthetication.Test_JIRA2@11438d26]" name="addComment" duration-ms="984" started-at="2020-05-17T01:55:08 IST" finished-at="2020-05-17T01:55:09 IST">
          <reporter-output>
          </reporter-output>
        </test-method> <!-- addComment -->
      </class> <!-- CookieBasedAuthetication.Test_JIRA2 -->
    </test> <!-- Default test -->
  </suite> <!-- Default suite -->
</testng-results>
